{
  "0 debug pnpm:scope": {
    "selected": 1
  },
  "1 error pnpm": {
    "code": "ELIFECYCLE",
    "errno": "ENOENT",
    "syscall": "spawn",
    "file": "sh",
    "pkgid": "dumi-demo@1.0.0",
    "stage": "start",
    "script": "dumi dev",
    "pkgname": "dumi-demo",
    "err": {
      "name": "pnpm",
      "message": "dumi-demo@1.0.0 start: `dumi dev`\nspawn ENOENT",
      "code": "ELIFECYCLE",
      "stack": "pnpm: dumi-demo@1.0.0 start: `dumi dev`\nspawn ENOENT\n    at ChildProcess.<anonymous> (/Users/yuanyating3/.nvm/versions/node/v16.13.1/lib/node_modules/pnpm/dist/pnpm.cjs:92278:22)\n    at ChildProcess.emit (node:events:390:28)\n    at maybeClose (node:internal/child_process:1064:16)\n    at Process.ChildProcess._handle.onexit (node:internal/child_process:301:5)"
    }
  },
  "2 warn pnpm:global": " Local package.json exists, but node_modules missing, did you mean to install?"
}